#
# A fatal error has been detected by the Java Runtime Environment:
#
#  EXCEPTION_ACCESS_VIOLATION (0xc0000005) at pc=0x000000006d980776, pid=6160, tid=6820
#
# JRE version: 6.0_45-b06
# Java VM: Java HotSpot(TM) 64-Bit Server VM (20.45-b01 mixed mode windows-amd64 compressed oops)
# Problematic frame:
# V  [jvm.dll+0xa0776]
#
# If you would like to submit a bug report, please visit:
#   http://java.sun.com/webapps/bugreport/crash.jsp
#

---------------  T H R E A D  ---------------

Current thread (0x000000000d26c800):  JavaThread "New I/O worker #1" [_thread_in_vm, id=6820, stack(0x000000000ea10000,0x000000000eb10000)]

siginfo: ExceptionCode=0xc0000005, reading address 0x000000000867f4e0

Registers:
RAX=0x000000000867cce0, RBX=0x00000000d80858ce, RCX=0x0000000000000a00, RDX=0x0000000000000a00
RSP=0x000000000eb0d440, RBP=0x0000000000000006, RSI=0x0000000000000003, RDI=0x00000000000000a4
R8 =0x000000000875cb00, R9 =0x000000006d8e0000, R10=0x000000000eb0d620, R11=0x000000000000000c
R12=0x0000000000000000, R13=0x00000000d8085908, R14=0x0000000000000000, R15=0x0000000000000037
RIP=0x000000006d980776, EFLAGS=0x0000000000010206

Top of Stack: (sp=0x000000000eb0d440)
0x000000000eb0d440:   000000000eb0d801 000000006d9a387d
0x000000000eb0d450:   000000000a391840 000000000eb0da98
0x000000000eb0d460:   000000000eb0000a 0000000000000000
0x000000000eb0d470:   0000000000000000 000000006d98046c
0x000000000eb0d480:   00000000d80858c8 000000006da154bd
0x000000000eb0d490:   000000000000005f 000000000867cce0
0x000000000eb0d4a0:   0000000000000000 000000000d26c800
0x000000000eb0d4b0:   000000000eb0d620 0000000000000030
0x000000000eb0d4c0:   000000000000001c 000000006d980e92
0x000000000eb0d4d0:   000000000eb0d620 000000000a391800
0x000000000eb0d4e0:   0000000000000003 0000000000000009
0x000000000eb0d4f0:   000000006dfe92d0 000000006d4624a7
0x000000000eb0d500:   000000006dfe92d0 000000006d9a387d
0x000000000eb0d510:   000000000eb0d628 000000000d26c9d0
0x000000000eb0d520:   000000000000002b 000007fefd70133c
0x000000000eb0d530:   0000d30075535dd4 000000006d9f862f 

Instructions: (pc=0x000000006d980776)
0x000000006d980756:   0f b7 44 1c 01 0f b6 c8 66 89 44 24 20 0f b6 44
0x000000006d980766:   24 21 66 c1 e1 08 0f b7 d1 48 0b d0 49 8b 42 20
0x000000006d980776:   0f b7 0c 90 66 41 89 4c 1c 01 e9 2a 01 00 00 45
0x000000006d980786:   8d 46 01 48 8b d3 49 8b ca e8 8c f9 ff ff 44 8a 


Register to memory mapping:

RAX=0x000000000867cce0 is an unknown value
RBX=0x00000000d80858ce is an oop
{constMethod} 
 - klass: {other class}
 - method:       0x00000000d8085908 {method} 'hashCode' '()I' in 'java/lang/StackTraceElement'
 - exceptions:   0x00000000d8001ef8
bci_from(00000000D80858CE) = 6; print_codes():
RCX=0x0000000000000a00 is an unknown value
RDX=0x0000000000000a00 is an unknown value
RSP=0x000000000eb0d440 is pointing into the stack for thread: 0x000000000d26c800
RBP=0x0000000000000006 is an unknown value
RSI=0x0000000000000003 is an unknown value
RDI=0x00000000000000a4 is an unknown value
R8 =0x000000000875cb00 is an unknown value
R9 =0x000000006d8e0000 is an unknown value
R10=0x000000000eb0d620 is pointing into the stack for thread: 0x000000000d26c800
R11=0x000000000000000c is an unknown value
R12=0x0000000000000000 is an unknown value
R13=0x00000000d8085908 is an oop
{method} 
 - klass: {other class}
R14=0x0000000000000000 is an unknown value
R15=0x0000000000000037 is an unknown value


Stack: [0x000000000ea10000,0x000000000eb10000],  sp=0x000000000eb0d440,  free space=1013k
Native frames: (J=compiled Java code, j=interpreted, Vv=VM code, C=native code)
V  [jvm.dll+0xa0776]

Java frames: (J=compiled Java code, j=interpreted, Vv=VM code)
j  java.lang.Throwable.getStackTraceElement(I)Ljava/lang/StackTraceElement;+0
j  java.lang.Throwable.getOurStackTrace()[Ljava/lang/StackTraceElement;+34
j  java.lang.Throwable.printStackTrace(Ljava/io/PrintStream;)V+10
j  java.lang.Throwable.printStackTrace()V+4
j  org.aspectj.weaver.tools.DefaultTrace.error(Ljava/lang/String;Ljava/lang/Throwable;)V+17
j  org.aspectj.weaver.loadtime.WeavingURLClassLoader.defineClass(Ljava/lang/String;[BLjava/security/CodeSource;)Ljava/lang/Class;+150
j  org.aspectj.weaver.bcel.ExtensibleURLClassLoader.defineClass(Ljava/lang/String;[B)Ljava/lang/Class;+39
j  org.aspectj.weaver.bcel.ExtensibleURLClassLoader.findClass(Ljava/lang/String;)Ljava/lang/Class;+13
J  java.lang.ClassLoader.loadClass(Ljava/lang/String;Z)Ljava/lang/Class;
J  java.lang.ClassLoader.loadClass(Ljava/lang/String;)Ljava/lang/Class;
v  ~StubRoutines::call_stub
j  org.jboss.netty.channel.DefaultChannelPipeline.notifyHandlerException(Lorg/jboss/netty/channel/ChannelEvent;Ljava/lang/Throwable;)V+1
j  org.jboss.netty.channel.DefaultChannelPipeline.sendUpstream(Lorg/jboss/netty/channel/DefaultChannelPipeline$DefaultChannelHandlerContext;Lorg/jboss/netty/channel/ChannelEvent;)V+21
j  org.jboss.netty.channel.DefaultChannelPipeline$DefaultChannelHandlerContext.sendUpstream(Lorg/jboss/netty/channel/ChannelEvent;)V+22
j  com.typesafe.netty.http.pipelining.HttpPipeliningHandler.messageReceived(Lorg/jboss/netty/channel/ChannelHandlerContext;Lorg/jboss/netty/channel/MessageEvent;)V+46
j  org.jboss.netty.channel.SimpleChannelHandler.handleUpstream(Lorg/jboss/netty/channel/ChannelHandlerContext;Lorg/jboss/netty/channel/ChannelEvent;)V+13
j  org.jboss.netty.channel.DefaultChannelPipeline.sendUpstream(Lorg/jboss/netty/channel/DefaultChannelPipeline$DefaultChannelHandlerContext;Lorg/jboss/netty/channel/ChannelEvent;)V+9
j  org.jboss.netty.channel.DefaultChannelPipeline$DefaultChannelHandlerContext.sendUpstream(Lorg/jboss/netty/channel/ChannelEvent;)V+22
j  org.jboss.netty.handler.codec.http.HttpContentDecoder.messageReceived(Lorg/jboss/netty/channel/ChannelHandlerContext;Lorg/jboss/netty/channel/MessageEvent;)V+285
j  org.jboss.netty.channel.SimpleChannelUpstreamHandler.handleUpstream(Lorg/jboss/netty/channel/ChannelHandlerContext;Lorg/jboss/netty/channel/ChannelEvent;)V+13
j  org.jboss.netty.channel.DefaultChannelPipeline.sendUpstream(Lorg/jboss/netty/channel/DefaultChannelPipeline$DefaultChannelHandlerContext;Lorg/jboss/netty/channel/ChannelEvent;)V+9
j  org.jboss.netty.channel.DefaultChannelPipeline$DefaultChannelHandlerContext.sendUpstream(Lorg/jboss/netty/channel/ChannelEvent;)V+22
j  org.jboss.netty.channel.Channels.fireMessageReceived(Lorg/jboss/netty/channel/ChannelHandlerContext;Ljava/lang/Object;Ljava/net/SocketAddress;)V+16
j  org.jboss.netty.handler.codec.frame.FrameDecoder.unfoldAndFireMessageReceived(Lorg/jboss/netty/channel/ChannelHandlerContext;Ljava/net/SocketAddress;Ljava/lang/Object;)V+114
j  org.jboss.netty.handler.codec.replay.ReplayingDecoder.callDecode(Lorg/jboss/netty/channel/ChannelHandlerContext;Lorg/jboss/netty/channel/Channel;Lorg/jboss/netty/buffer/ChannelBuffer;Lorg/jboss/netty/buffer/ChannelBuffer;Ljava/net/SocketAddress;)V+176
j  org.jboss.netty.handler.codec.replay.ReplayingDecoder.messageReceived(Lorg/jboss/netty/channel/ChannelHandlerContext;Lorg/jboss/netty/channel/MessageEvent;)V+95
j  org.jboss.netty.channel.SimpleChannelUpstreamHandler.handleUpstream(Lorg/jboss/netty/channel/ChannelHandlerContext;Lorg/jboss/netty/channel/ChannelEvent;)V+13
j  org.jboss.netty.channel.DefaultChannelPipeline.sendUpstream(Lorg/jboss/netty/channel/DefaultChannelPipeline$DefaultChannelHandlerContext;Lorg/jboss/netty/channel/ChannelEvent;)V+9
j  org.jboss.netty.channel.DefaultChannelPipeline.sendUpstream(Lorg/jboss/netty/channel/ChannelEvent;)V+55
j  org.jboss.netty.channel.Channels.fireMessageReceived(Lorg/jboss/netty/channel/Channel;Ljava/lang/Object;Ljava/net/SocketAddress;)V+16
j  org.jboss.netty.channel.Channels.fireMessageReceived(Lorg/jboss/netty/channel/Channel;Ljava/lang/Object;)V+3
j  org.jboss.netty.channel.socket.nio.NioWorker.read(Ljava/nio/channels/SelectionKey;)Z+179
j  org.jboss.netty.channel.socket.nio.AbstractNioWorker.process(Ljava/nio/channels/Selector;)V+70
j  org.jboss.netty.channel.socket.nio.AbstractNioSelector.run()V+372
j  org.jboss.netty.channel.socket.nio.AbstractNioWorker.run()V+1
j  org.jboss.netty.channel.socket.nio.NioWorker.run()V+1
j  org.jboss.netty.util.ThreadRenamingRunnable.run()V+55
j  org.jboss.netty.util.internal.DeadLockProofWorker$1.run()V+14
j  java.util.concurrent.ThreadPoolExecutor$Worker.runTask(Ljava/lang/Runnable;)V+66
j  java.util.concurrent.ThreadPoolExecutor$Worker.run()V+33
j  java.lang.Thread.run()V+11
v  ~StubRoutines::call_stub

---------------  P R O C E S S  ---------------

Java Threads: ( => current thread )
  0x000000000cb99000 JavaThread "New I/O server boss #17" [_thread_in_native, id=1952, stack(0x000000000fa10000,0x000000000fb10000)]
  0x000000000cb98800 JavaThread "New I/O worker #16" [_thread_in_native, id=1756, stack(0x000000000f910000,0x000000000fa10000)]
  0x000000000cb97800 JavaThread "New I/O worker #15" [_thread_in_native, id=4908, stack(0x000000000f810000,0x000000000f910000)]
  0x000000000cb97000 JavaThread "New I/O worker #14" [_thread_in_native, id=1596, stack(0x000000000f710000,0x000000000f810000)]
  0x000000000cb96000 JavaThread "New I/O worker #13" [_thread_in_native, id=4488, stack(0x000000000f610000,0x000000000f710000)]
  0x000000000cb95800 JavaThread "New I/O worker #12" [_thread_in_native, id=6536, stack(0x000000000f510000,0x000000000f610000)]
  0x000000000cb94800 JavaThread "New I/O worker #11" [_thread_in_native, id=1256, stack(0x000000000f410000,0x000000000f510000)]
  0x000000000cb94000 JavaThread "New I/O worker #10" [_thread_in_native, id=5248, stack(0x000000000f310000,0x000000000f410000)]
  0x000000000cb93000 JavaThread "New I/O worker #9" [_thread_in_native, id=6300, stack(0x000000000f210000,0x000000000f310000)]
  0x000000000d271800 JavaThread "New I/O worker #8" [_thread_in_native, id=6824, stack(0x000000000f110000,0x000000000f210000)]
  0x000000000d270800 JavaThread "New I/O worker #7" [_thread_in_native, id=5912, stack(0x000000000f010000,0x000000000f110000)]
  0x000000000d270000 JavaThread "New I/O worker #6" [_thread_in_native, id=712, stack(0x000000000ef10000,0x000000000f010000)]
  0x000000000d26f000 JavaThread "New I/O worker #5" [_thread_in_native, id=4564, stack(0x000000000ee10000,0x000000000ef10000)]
  0x000000000d26e800 JavaThread "New I/O worker #4" [_thread_in_native, id=1556, stack(0x000000000ed10000,0x000000000ee10000)]
  0x000000000d26e000 JavaThread "New I/O worker #3" [_thread_in_native, id=1896, stack(0x000000000ec10000,0x000000000ed10000)]
  0x000000000d26d000 JavaThread "New I/O worker #2" [_thread_in_native, id=5648, stack(0x000000000eb10000,0x000000000ec10000)]
=>0x000000000d26c800 JavaThread "New I/O worker #1" [_thread_in_vm, id=6820, stack(0x000000000ea10000,0x000000000eb10000)]
  0x000000000d26a000 JavaThread "EbeanCacheWarmer" daemon [_thread_blocked, id=5848, stack(0x000000000e910000,0x000000000ea10000)]
  0x0000000009af7800 JavaThread "BoneCP-pool-watch-thread" daemon [_thread_blocked, id=5856, stack(0x000000000e810000,0x000000000e910000)]
  0x0000000009af7000 JavaThread "BoneCP-max-alive-scheduler" daemon [_thread_blocked, id=1196, stack(0x000000000e710000,0x000000000e810000)]
  0x0000000009af5800 JavaThread "BoneCP-keep-alive-scheduler" daemon [_thread_blocked, id=5968, stack(0x000000000e610000,0x000000000e710000)]
  0x0000000009af2800 JavaThread "Scala Presentation Compiler []" daemon [_thread_blocked, id=828, stack(0x000000000c470000,0x000000000c570000)]
  0x0000000009af2000 JavaThread "pool-12-thread-9" [_thread_blocked, id=6332, stack(0x000000000b3a0000,0x000000000b4a0000)]
  0x0000000009af1000 JavaThread "pool-12-thread-8" [_thread_blocked, id=7060, stack(0x000000000b2a0000,0x000000000b3a0000)]
  0x0000000009af0800 JavaThread "pool-12-thread-7" [_thread_blocked, id=1716, stack(0x000000000b1a0000,0x000000000b2a0000)]
  0x0000000008981000 JavaThread "pool-12-thread-6" [_thread_blocked, id=2800, stack(0x000000000b0a0000,0x000000000b1a0000)]
  0x000000000897a800 JavaThread "pool-12-thread-5" [_thread_blocked, id=4592, stack(0x000000000afa0000,0x000000000b0a0000)]
  0x000000000897c000 JavaThread "pool-12-thread-4" [_thread_blocked, id=5620, stack(0x000000000aea0000,0x000000000afa0000)]
  0x000000000897b000 JavaThread "pool-12-thread-3" [_thread_blocked, id=2508, stack(0x000000000ada0000,0x000000000aea0000)]
  0x000000000897e000 JavaThread "pool-12-thread-2" [_thread_blocked, id=5688, stack(0x000000000aca0000,0x000000000ada0000)]
  0x000000000897c800 JavaThread "pool-12-thread-1" [_thread_blocked, id=3388, stack(0x000000000aaa0000,0x000000000aba0000)]
  0x0000000008980000 JavaThread "sbt-web-akka.actor.default-dispatcher-4" [_thread_blocked, id=4360, stack(0x000000000a9a0000,0x000000000aaa0000)]
  0x000000000897f800 JavaThread "sbt-web-akka.actor.default-dispatcher-3" [_thread_blocked, id=5936, stack(0x000000000a8a0000,0x000000000a9a0000)]
  0x000000000897d800 JavaThread "sbt-web-akka.actor.default-dispatcher-2" [_thread_blocked, id=6364, stack(0x0000000007ec0000,0x0000000007fc0000)]
  0x000000000897f000 JavaThread "sbt-web-scheduler-1" [_thread_in_vm, id=6704, stack(0x000000000aba0000,0x000000000aca0000)]
  0x000000000622d000 JavaThread "Low Memory Detector" daemon [_thread_blocked, id=400, stack(0x0000000007300000,0x0000000007400000)]
  0x000000000621a000 JavaThread "C2 CompilerThread1" daemon [_thread_blocked, id=4284, stack(0x0000000007200000,0x0000000007300000)]
  0x00000000061cc800 JavaThread "C2 CompilerThread0" daemon [_thread_blocked, id=4540, stack(0x0000000007100000,0x0000000007200000)]
  0x00000000061cb800 JavaThread "Attach Listener" daemon [_thread_blocked, id=6840, stack(0x0000000007000000,0x0000000007100000)]
  0x00000000061ca800 JavaThread "Signal Dispatcher" daemon [_thread_blocked, id=1220, stack(0x0000000006f00000,0x0000000007000000)]
  0x00000000061ba800 JavaThread "Finalizer" daemon [_thread_blocked, id=4552, stack(0x0000000006e00000,0x0000000006f00000)]
  0x00000000061b4000 JavaThread "Reference Handler" daemon [_thread_blocked, id=3300, stack(0x0000000006d00000,0x0000000006e00000)]
  0x00000000003dc000 JavaThread "main" [_thread_blocked, id=5480, stack(0x0000000002420000,0x0000000002520000)]

Other Threads:
  0x00000000061a8000 VMThread [stack: 0x0000000006c00000,0x0000000006d00000] [id=1588]
  0x0000000006235800 WatcherThread [stack: 0x0000000007400000,0x0000000007500000] [id=6480]

VM state:not at safepoint (normal execution)

VM Mutex/Monitor currently owned by a thread: None

Heap
 PSYoungGen      total 112320K, used 4650K [0x00000000f5560000, 0x00000000fe690000, 0x0000000100000000)
  eden space 112256K, 4% used [0x00000000f5560000,0x00000000f59ea9b0,0x00000000fc300000)
  from space 64K, 0% used [0x00000000fc300000,0x00000000fc300000,0x00000000fc310000)
  to   space 18112K, 0% used [0x00000000fd4e0000,0x00000000fd4e0000,0x00000000fe690000)
 PSOldGen        total 349568K, used 35938K [0x00000000e0000000, 0x00000000f5560000, 0x00000000f5560000)
  object space 349568K, 10% used [0x00000000e0000000,0x00000000e2318b08,0x00000000f5560000)
 PSPermGen       total 131072K, used 131071K [0x00000000d8000000, 0x00000000e0000000, 0x00000000e0000000)
  object space 131072K, 99% used [0x00000000d8000000,0x00000000dfffffe0,0x00000000e0000000)

Code Cache  [0x0000000002520000, 0x0000000002bb0000, 0x0000000005520000)
 total_blobs=2966 nmethods=2513 adapters=403 free_code_cache=43988416 largest_free_block=71168

Dynamic libraries:
0x0000000000400000 - 0x000000000042f000 	C:\Program Files\Java\jdk1.6.0_45\bin\java.exe
0x00000000775a0000 - 0x0000000077749000 	C:\Windows\SYSTEM32\ntdll.dll
0x0000000077380000 - 0x000000007749f000 	C:\Windows\system32\kernel32.dll
0x000007fefd700000 - 0x000007fefd76c000 	C:\Windows\system32\KERNELBASE.dll
0x000007fefeff0000 - 0x000007feff0cb000 	C:\Windows\system32\ADVAPI32.dll
0x000007feff7e0000 - 0x000007feff87f000 	C:\Windows\system32\msvcrt.dll
0x000007feff890000 - 0x000007feff8af000 	C:\Windows\SYSTEM32\sechost.dll
0x000007fefeba0000 - 0x000007fefeccd000 	C:\Windows\system32\RPCRT4.dll
0x000000006d8e0000 - 0x000000006e09c000 	C:\Program Files\Java\jdk1.6.0_45\jre\bin\server\jvm.dll
0x00000000774a0000 - 0x000000007759a000 	C:\Windows\system32\USER32.dll
0x000007feff410000 - 0x000007feff477000 	C:\Windows\system32\GDI32.dll
0x000007feff480000 - 0x000007feff48e000 	C:\Windows\system32\LPK.dll
0x000007fefd850000 - 0x000007fefd919000 	C:\Windows\system32\USP10.dll
0x000007fefa030000 - 0x000007fefa06b000 	C:\Windows\system32\WINMM.dll
0x000007fefe8c0000 - 0x000007fefe8ee000 	C:\Windows\system32\IMM32.DLL
0x000007feff300000 - 0x000007feff409000 	C:\Windows\system32\MSCTF.dll
0x000000006d850000 - 0x000000006d85e000 	C:\Program Files\Java\jdk1.6.0_45\jre\bin\verify.dll
0x000000006d460000 - 0x000000006d487000 	C:\Program Files\Java\jdk1.6.0_45\jre\bin\java.dll
0x000000006d8a0000 - 0x000000006d8b2000 	C:\Program Files\Java\jdk1.6.0_45\jre\bin\zip.dll
0x000000006d6c0000 - 0x000000006d6d7000 	C:\Program Files\Java\jdk1.6.0_45\jre\bin\net.dll
0x000007feff790000 - 0x000007feff7dd000 	C:\Windows\system32\WS2_32.dll
0x000007feff880000 - 0x000007feff888000 	C:\Windows\system32\NSI.dll
0x000007fefcb50000 - 0x000007fefcba5000 	C:\Windows\system32\mswsock.dll
0x000007fefcb40000 - 0x000007fefcb47000 	C:\Windows\System32\wship6.dll
0x000000006d6e0000 - 0x000000006d6ec000 	C:\Program Files\Java\jdk1.6.0_45\jre\bin\nio.dll
0x000007fefcbb0000 - 0x000007fefcbc7000 	C:\Windows\system32\CRYPTSP.dll
0x000007fefc8b0000 - 0x000007fefc8f7000 	C:\Windows\system32\rsaenh.dll
0x000007fefd5f0000 - 0x000007fefd60e000 	C:\Windows\system32\USERENV.dll
0x000007fefd3b0000 - 0x000007fefd3bf000 	C:\Windows\system32\profapi.dll
0x000007fefd2f0000 - 0x000007fefd2ff000 	C:\Windows\system32\CRYPTBASE.dll
0x000007fefb220000 - 0x000007fefb235000 	C:\Windows\system32\NLAapi.dll
0x000007fef71f0000 - 0x000007fef7205000 	C:\Windows\system32\napinsp.dll
0x000007fef7170000 - 0x000007fef7189000 	C:\Windows\system32\pnrpnsp.dll
0x000007fefc9d0000 - 0x000007fefca2b000 	C:\Windows\system32\DNSAPI.dll
0x000007fef71b0000 - 0x000007fef71bb000 	C:\Windows\System32\winrnr.dll
0x0000000073e10000 - 0x0000000073e36000 	C:\Program Files\Bonjour\mdnsNSP.dll
0x000007fef9bc0000 - 0x000007fef9be7000 	C:\Windows\system32\Iphlpapi.DLL
0x000007fef9bb0000 - 0x000007fef9bbb000 	C:\Windows\system32\WINNSI.DLL
0x000007fefc550000 - 0x000007fefc557000 	C:\Windows\System32\wshtcpip.dll
0x000007fef7020000 - 0x000007fef7028000 	C:\Windows\system32\rasadhlp.dll
0x000007fef9a60000 - 0x000007fef9ab3000 	C:\Windows\System32\fwpuclnt.dll
0x000007fefbcc0000 - 0x000007fefbcca000 	C:\Users\admin\AppData\Local\Temp\jansi-64-1-357973790329609344.11
0x000007fefd1b0000 - 0x000007fefd207000 	C:\Windows\system32\apphelp.dll
0x000000006d600000 - 0x000000006d60a000 	C:\Program Files\Java\jdk1.6.0_45\jre\bin\management.dll
0x0000000077760000 - 0x0000000077767000 	C:\Windows\system32\PSAPI.DLL

VM Arguments:
jvm_args: -Xss1024K -Xmx512M -XX:PermSize=128M -XX:+CMSClassUnloadingEnabled -Dsbt.boot.properties=file:/C:/Users/admin/AppData/Local/Temp/sbtrc5462933928725708313properties -Dsbtrc.control-port=54609 
java_command: C:\home\common\activator-1.2.3-minimal\activator-launch-1.2.3.jar apply -cp """C:/Users/admin/.sbt/boot/scala-2.10.2/com.typesafe.sbtrc/sbt-rc-probe-0-13/1.0-c50ddab5e1332398049a2a649261e1ca24577479/sbt-rc-probe-0-13-1.0-c50ddab5e1332398049a2a649261e1ca24577479.jar;C:/Users/admin/.sbt/boot/scala-2.10.2/com.typesafe.sbtrc/sbt-rc-probe-0-13/1.0-c50ddab5e1332398049a2a649261e1ca24577479/sbt-rc-props-1.0-c50ddab5e1332398049a2a649261e1ca24577479.jar""" com.typesafe.sbtrc.SetupSbtChild listen
Launcher Type: SUN_STANDARD

Environment Variables:
JAVA_HOME=C:\Program Files\Java\jdk1.6.0_45
PATH=C:\Users\admin\AppData\Local\GitHub\PortableGit_6d98349f44ba975cf6c762a720f8259a267ea445\cmd;C:\Users\admin\AppData\Local\GitHub\PortableGit_6d98349f44ba975cf6c762a720f8259a267ea445\bin;C:\Users\admin\AppData\Local\Apps\2.0\VHTGD37Q.KXQ\423Q69Q9.8YC\gith..tion_317444273a93ac29_0002.0003_4484881b87d594d4;C:\Windows\Microsoft.NET\Framework\v4.0.30319;C:\Windows\system32;C:\Windows;C:\Windows\System32\Wbem;C:\Windows\System32\WindowsPowerShell\v1.0\;C:\Program Files\Java\jdk1.6.0_45\bin;C:\home\common\apache-maven-2.2.1\bin;C:\Program Files (x86)\MySQL\MySQL Utilities 1.3.5\;C:\Program Files\EmEditor;C:\home\common\activator-1.2.3-minimal;C:\Program Files (x86)\Heroku\bin;C:\Program Files (x86)\git\cmd;C:\home\Takahiro-Kadowaki\activator-1.2.10-minimal
USERNAME=develop35
OS=Windows_NT
PROCESSOR_IDENTIFIER=Intel64 Family 6 Model 42 Stepping 7, GenuineIntel



---------------  S Y S T E M  ---------------

OS: Windows 7 , 64 bit Build 7601 Service Pack 1

CPU:total 8 (4 cores per cpu, 2 threads per core) family 6 model 42 stepping 7, cmov, cx8, fxsr, mmx, sse, sse2, sse3, ssse3, sse4.1, sse4.2, popcnt, ht

Memory: 4k page, physical 4176328k(1153044k free), swap 8350792k(4199260k free)

vm_info: Java HotSpot(TM) 64-Bit Server VM (20.45-b01) for windows-amd64 JRE (1.6.0_45-b06), built on Apr  1 2013 12:31:37 by "java_re" with MS VC++ 8.0 (VS2005)

time: Thu Sep 18 15:04:16 2014
elapsed time: 21 seconds

