#
# A fatal error has been detected by the Java Runtime Environment:
#
#  EXCEPTION_ACCESS_VIOLATION (0xc0000005) at pc=0x000000006d980776, pid=3356, tid=1148
#
# JRE version: 6.0_45-b06
# Java VM: Java HotSpot(TM) 64-Bit Server VM (20.45-b01 mixed mode windows-amd64 compressed oops)
# Problematic frame:
# V  [jvm.dll+0xa0776]
#
# If you would like to submit a bug report, please visit:
#   http://java.sun.com/webapps/bugreport/crash.jsp
#

---------------  T H R E A D  ---------------

Current thread (0x0000000008110800):  JavaThread "run-main-0" [_thread_in_vm, id=1148, stack(0x000000000fb70000,0x000000000fc70000)]

siginfo: ExceptionCode=0xc0000005, reading address 0x00000000098fe480

Registers:
RAX=0x00000000098fbc80, RBX=0x00000000d80858ce, RCX=0x0000000000000a00, RDX=0x0000000000000a00
RSP=0x000000000fc6d440, RBP=0x0000000000000006, RSI=0x0000000000000003, RDI=0x00000000000000a4
R8 =0x000000000604cb00, R9 =0x000000006d8e0000, R10=0x000000000fc6d620, R11=0x000000000000000c
R12=0x0000000000000000, R13=0x00000000d8085908, R14=0x0000000000000000, R15=0x0000000000000037
RIP=0x000000006d980776, EFLAGS=0x0000000000010206

Top of Stack: (sp=0x000000000fc6d440)
0x000000000fc6d440:   0000000000000000 000000006d9a387d
0x000000000fc6d450:   000000000fc6d4f0 0000000000000000
0x000000000fc6d460:   000000000000000a 000007fefe1c10c8
0x000000000fc6d470:   0000000000000000 000000006d98046c
0x000000000fc6d480:   00000000d80858c8 000000006da154bd
0x000000000fc6d490:   000000000000005f 00000000098fbc80
0x000000000fc6d4a0:   0000000000000000 0000000008110800
0x000000000fc6d4b0:   000000000fc6d620 0000000000000030
0x000000000fc6d4c0:   000000000000001c 000000006d980e92
0x000000000fc6d4d0:   000000000fc6d620 00000000099dac00
0x000000000fc6d4e0:   0000000000000003 0000000000000009
0x000000000fc6d4f0:   000000006dfe92d0 000000006d4624a7
0x000000000fc6d500:   000000006dfe92d0 000000006d9a387d
0x000000000fc6d510:   000000000fc6d628 00000000081109d0
0x000000000fc6d520:   000000000000002b 000007fefd5c133c
0x000000000fc6d530:   0000d3cbde842d31 000000006d9f862f 

Instructions: (pc=0x000000006d980776)
0x000000006d980756:   0f b7 44 1c 01 0f b6 c8 66 89 44 24 20 0f b6 44
0x000000006d980766:   24 21 66 c1 e1 08 0f b7 d1 48 0b d0 49 8b 42 20
0x000000006d980776:   0f b7 0c 90 66 41 89 4c 1c 01 e9 2a 01 00 00 45
0x000000006d980786:   8d 46 01 48 8b d3 49 8b ca e8 8c f9 ff ff 44 8a 


Register to memory mapping:

RAX=0x00000000098fbc80 is an unknown value
RBX=0x00000000d80858ce is an oop
{constMethod} 
 - klass: {other class}
 - method:       0x00000000d8085908 {method} 'hashCode' '()I' in 'java/lang/StackTraceElement'
 - exceptions:   0x00000000d8001ef8
bci_from(00000000D80858CE) = 6; print_codes():
RCX=0x0000000000000a00 is an unknown value
RDX=0x0000000000000a00 is an unknown value
RSP=0x000000000fc6d440 is pointing into the stack for thread: 0x0000000008110800
RBP=0x0000000000000006 is an unknown value
RSI=0x0000000000000003 is an unknown value
RDI=0x00000000000000a4 is an unknown value
R8 =0x000000000604cb00 is an unknown value
R9 =0x000000006d8e0000 is an unknown value
R10=0x000000000fc6d620 is pointing into the stack for thread: 0x0000000008110800
R11=0x000000000000000c is an unknown value
R12=0x0000000000000000 is an unknown value
R13=0x00000000d8085908 is an oop
{method} 
 - klass: {other class}
R14=0x0000000000000000 is an unknown value
R15=0x0000000000000037 is an unknown value


Stack: [0x000000000fb70000,0x000000000fc70000],  sp=0x000000000fc6d440,  free space=1013k
Native frames: (J=compiled Java code, j=interpreted, Vv=VM code, C=native code)
V  [jvm.dll+0xa0776]

Java frames: (J=compiled Java code, j=interpreted, Vv=VM code)
j  java.lang.Throwable.getStackTraceElement(I)Ljava/lang/StackTraceElement;+0
j  java.lang.Throwable.getOurStackTrace()[Ljava/lang/StackTraceElement;+34
j  java.lang.Throwable.printStackTrace(Ljava/io/PrintStream;)V+10
j  java.lang.Throwable.printStackTrace()V+4
j  org.aspectj.weaver.tools.DefaultTrace.error(Ljava/lang/String;Ljava/lang/Throwable;)V+17
j  org.aspectj.weaver.loadtime.WeavingURLClassLoader.defineClass(Ljava/lang/String;[BLjava/security/CodeSource;)Ljava/lang/Class;+150
j  org.aspectj.weaver.bcel.ExtensibleURLClassLoader.defineClass(Ljava/lang/String;[B)Ljava/lang/Class;+39
j  org.aspectj.weaver.bcel.ExtensibleURLClassLoader.findClass(Ljava/lang/String;)Ljava/lang/Class;+13
J  java.lang.ClassLoader.loadClass(Ljava/lang/String;Z)Ljava/lang/Class;
J  java.lang.ClassLoader.loadClass(Ljava/lang/String;)Ljava/lang/Class;
v  ~StubRoutines::call_stub
j  play.core.server.NettyServer$.createServer(Ljava/io/File;)Lscala/Option;+179
j  play.core.server.NettyServer$$anonfun$main$3.apply(Ljava/lang/String;)Ljava/lang/Object;+27
j  play.core.server.NettyServer$$anonfun$main$3.apply(Ljava/lang/Object;)Ljava/lang/Object;+5
j  scala.Option.map(Lscala/Function1;)Lscala/Option;+22
j  play.core.server.NettyServer$.main([Ljava/lang/String;)V+32
j  play.core.server.NettyServer.main([Ljava/lang/String;)V+4
v  ~StubRoutines::call_stub
j  sun.reflect.NativeMethodAccessorImpl.invoke0(Ljava/lang/reflect/Method;Ljava/lang/Object;[Ljava/lang/Object;)Ljava/lang/Object;+0
j  sun.reflect.NativeMethodAccessorImpl.invoke(Ljava/lang/Object;[Ljava/lang/Object;)Ljava/lang/Object;+87
j  sun.reflect.DelegatingMethodAccessorImpl.invoke(Ljava/lang/Object;[Ljava/lang/Object;)Ljava/lang/Object;+6
j  java.lang.reflect.Method.invoke(Ljava/lang/Object;[Ljava/lang/Object;)Ljava/lang/Object;+161
j  com.typesafe.sbt.echo.EchoProcess$RunMain.invokeMain(Ljava/lang/ClassLoader;Ljava/lang/reflect/Method;Lscala/collection/Seq;)V+46
j  com.typesafe.sbt.echo.EchoProcess$RunMain.runMain()V+23
j  com.typesafe.sbt.echo.EchoProcess$RunMain$$anonfun$run$1.apply$mcV$sp()V+4
j  com.typesafe.sbt.echo.EchoProcess$RunMain$$anonfun$run$1.apply()V+1
j  com.typesafe.sbt.echo.EchoProcess$RunMain$$anonfun$run$1.apply()Ljava/lang/Object;+1
j  sbt.Logger$$anon$4.apply()Ljava/lang/Object;+4
j  sbt.TrapExit$App.run()V+4
j  java.lang.Thread.run()V+11
v  ~StubRoutines::call_stub

---------------  P R O C E S S  ---------------

Java Threads: ( => current thread )
  0x000000000bb88800 JavaThread "BoneCP-pool-watch-thread" daemon [_thread_blocked, id=3460, stack(0x000000000fe70000,0x000000000ff70000)]
  0x000000000bb88000 JavaThread "BoneCP-max-alive-scheduler" daemon [_thread_blocked, id=4408, stack(0x000000000fd70000,0x000000000fe70000)]
  0x000000000bb87800 JavaThread "BoneCP-keep-alive-scheduler" daemon [_thread_blocked, id=2960, stack(0x000000000fc70000,0x000000000fd70000)]
=>0x0000000008110800 JavaThread "run-main-0" [_thread_in_vm, id=1148, stack(0x000000000fb70000,0x000000000fc70000)]
  0x000000000810f800 JavaThread "Scala Presentation Compiler []" daemon [_thread_blocked, id=5700, stack(0x000000000eaa0000,0x000000000eba0000)]
  0x000000000810f000 JavaThread "pool-16-thread-9" [_thread_blocked, id=4956, stack(0x000000000e9a0000,0x000000000eaa0000)]
  0x000000000810d000 JavaThread "pool-16-thread-8" [_thread_blocked, id=5560, stack(0x000000000e8a0000,0x000000000e9a0000)]
  0x0000000008102800 JavaThread "pool-16-thread-7" [_thread_blocked, id=3716, stack(0x000000000e7a0000,0x000000000e8a0000)]
  0x0000000008107800 JavaThread "pool-16-thread-6" [_thread_blocked, id=5832, stack(0x000000000e6a0000,0x000000000e7a0000)]
  0x000000000810b800 JavaThread "pool-16-thread-5" [_thread_blocked, id=1244, stack(0x000000000e5a0000,0x000000000e6a0000)]
  0x0000000008108800 JavaThread "pool-16-thread-4" [_thread_blocked, id=5796, stack(0x000000000ae30000,0x000000000af30000)]
  0x0000000008105000 JavaThread "pool-16-thread-3" [_thread_blocked, id=3512, stack(0x000000000ad30000,0x000000000ae30000)]
  0x0000000008106800 JavaThread "pool-16-thread-2" [_thread_blocked, id=5928, stack(0x000000000ac30000,0x000000000ad30000)]
  0x000000000810a000 JavaThread "pool-16-thread-1" [_thread_blocked, id=1948, stack(0x000000000ab30000,0x000000000ac30000)]
  0x0000000008105800 JavaThread "sbt-web-akka.actor.default-dispatcher-5" [_thread_blocked, id=3060, stack(0x000000000e4a0000,0x000000000e5a0000)]
  0x000000000810e000 JavaThread "sbt-web-akka.actor.default-dispatcher-4" [_thread_blocked, id=1740, stack(0x000000000e3a0000,0x000000000e4a0000)]
  0x0000000008102000 JavaThread "sbt-web-akka.actor.default-dispatcher-3" [_thread_blocked, id=4780, stack(0x000000000b130000,0x000000000b230000)]
  0x000000000810d800 JavaThread "sbt-web-akka.actor.default-dispatcher-2" [_thread_blocked, id=5836, stack(0x000000000b030000,0x000000000b130000)]
  0x000000000810c000 JavaThread "sbt-web-scheduler-1" [_thread_blocked, id=2060, stack(0x000000000af30000,0x000000000b030000)]
  0x0000000008103800 JavaThread "sbt-web-akka.actor.default-dispatcher-3" [_thread_blocked, id=6044, stack(0x000000000aa30000,0x000000000ab30000)]
  0x0000000008101000 JavaThread "sbt-web-akka.actor.default-dispatcher-2" [_thread_blocked, id=2520, stack(0x000000000a930000,0x000000000aa30000)]
  0x0000000008104000 JavaThread "sbt-web-scheduler-1" [_thread_blocked, id=2308, stack(0x000000000a830000,0x000000000a930000)]
  0x0000000006050000 JavaThread "Low Memory Detector" daemon [_thread_blocked, id=5568, stack(0x0000000007240000,0x0000000007340000)]
  0x0000000006049000 JavaThread "C2 CompilerThread1" daemon [_thread_blocked, id=5384, stack(0x0000000007140000,0x0000000007240000)]
  0x000000000603c000 JavaThread "C2 CompilerThread0" daemon [_thread_blocked, id=6132, stack(0x0000000007040000,0x0000000007140000)]
  0x000000000603b000 JavaThread "Attach Listener" daemon [_thread_blocked, id=3368, stack(0x0000000006f40000,0x0000000007040000)]
  0x000000000603a000 JavaThread "Signal Dispatcher" daemon [_thread_blocked, id=6096, stack(0x0000000006e40000,0x0000000006f40000)]
  0x000000000602a800 JavaThread "Finalizer" daemon [_thread_blocked, id=4796, stack(0x0000000006d40000,0x0000000006e40000)]
  0x0000000006024800 JavaThread "Reference Handler" daemon [_thread_blocked, id=3364, stack(0x0000000006c40000,0x0000000006d40000)]
  0x00000000005ac000 JavaThread "main" [_thread_blocked, id=1168, stack(0x00000000023b0000,0x00000000024b0000)]

Other Threads:
  0x0000000006019000 VMThread [stack: 0x0000000006b40000,0x0000000006c40000] [id=3832]
  0x0000000006061000 WatcherThread [stack: 0x0000000007340000,0x0000000007440000] [id=1156]

VM state:synchronizing (normal execution)

VM Mutex/Monitor currently owned by a thread:  ([mutex/lock_event])
[0x00000000005aa590] Threads_lock - owner thread: 0x0000000006019000
[0x00000000005aaa90] Heap_lock - owner thread: 0x000000000602a800

Heap
 PSYoungGen      total 124672K, used 1106K [0x00000000f5560000, 0x00000000fe0e0000, 0x0000000100000000)
  eden space 108672K, 1% used [0x00000000f5560000,0x00000000f5674b30,0x00000000fbf80000)
  from space 16000K, 0% used [0x00000000fd140000,0x00000000fd140000,0x00000000fe0e0000)
  to   space 17088K, 0% used [0x00000000fbf80000,0x00000000fbf80000,0x00000000fd030000)
 PSOldGen        total 349568K, used 35808K [0x00000000e0000000, 0x00000000f5560000, 0x00000000f5560000)
  object space 349568K, 10% used [0x00000000e0000000,0x00000000e22f83b8,0x00000000f5560000)
 PSPermGen       total 131072K, used 131071K [0x00000000d8000000, 0x00000000e0000000, 0x00000000e0000000)
  object space 131072K, 99% used [0x00000000d8000000,0x00000000dfffffd8,0x00000000e0000000)

Code Cache  [0x00000000024b0000, 0x0000000002ee0000, 0x00000000054b0000)
 total_blobs=3809 nmethods=3368 adapters=390 free_code_cache=40713920 largest_free_block=138944

Dynamic libraries:
0x0000000000400000 - 0x000000000042f000 	C:\Program Files\Java\jdk1.6.0_45\bin\java.exe
0x0000000077470000 - 0x0000000077619000 	C:\Windows\SYSTEM32\ntdll.dll
0x0000000077250000 - 0x000000007736f000 	C:\Windows\system32\kernel32.dll
0x000007fefd5c0000 - 0x000007fefd62c000 	C:\Windows\system32\KERNELBASE.dll
0x000007fefe6e0000 - 0x000007fefe7bb000 	C:\Windows\system32\ADVAPI32.dll
0x000007fefe1c0000 - 0x000007fefe25f000 	C:\Windows\system32\msvcrt.dll
0x000007fefe6b0000 - 0x000007fefe6cf000 	C:\Windows\SYSTEM32\sechost.dll
0x000007fefe580000 - 0x000007fefe6ad000 	C:\Windows\system32\RPCRT4.dll
0x000000006d8e0000 - 0x000000006e09c000 	C:\Program Files\Java\jdk1.6.0_45\jre\bin\server\jvm.dll
0x0000000077370000 - 0x000000007746a000 	C:\Windows\system32\USER32.dll
0x000007feff6b0000 - 0x000007feff717000 	C:\Windows\system32\GDI32.dll
0x000007fefe570000 - 0x000007fefe57e000 	C:\Windows\system32\LPK.dll
0x000007fefdca0000 - 0x000007fefdd69000 	C:\Windows\system32\USP10.dll
0x000007fef9ed0000 - 0x000007fef9f0b000 	C:\Windows\system32\WINMM.dll
0x000007fefe2e0000 - 0x000007fefe30e000 	C:\Windows\system32\IMM32.DLL
0x000007fefe810000 - 0x000007fefe919000 	C:\Windows\system32\MSCTF.dll
0x000000006d850000 - 0x000000006d85e000 	C:\Program Files\Java\jdk1.6.0_45\jre\bin\verify.dll
0x000000006d460000 - 0x000000006d487000 	C:\Program Files\Java\jdk1.6.0_45\jre\bin\java.dll
0x000000006d8a0000 - 0x000000006d8b2000 	C:\Program Files\Java\jdk1.6.0_45\jre\bin\zip.dll
0x000000006d6c0000 - 0x000000006d6d7000 	C:\Program Files\Java\jdk1.6.0_45\jre\bin\net.dll
0x000007fefe7c0000 - 0x000007fefe80d000 	C:\Windows\system32\WS2_32.dll
0x000007fefe6d0000 - 0x000007fefe6d8000 	C:\Windows\system32\NSI.dll
0x000007fefca10000 - 0x000007fefca65000 	C:\Windows\system32\mswsock.dll
0x000007fefcbf0000 - 0x000007fefcbf7000 	C:\Windows\System32\wship6.dll
0x000000006d6e0000 - 0x000000006d6ec000 	C:\Program Files\Java\jdk1.6.0_45\jre\bin\nio.dll
0x000007fefca70000 - 0x000007fefca87000 	C:\Windows\system32\CRYPTSP.dll
0x000007fefc780000 - 0x000007fefc7c7000 	C:\Windows\system32\rsaenh.dll
0x000007fefd350000 - 0x000007fefd36e000 	C:\Windows\system32\USERENV.dll
0x000007fefd290000 - 0x000007fefd29f000 	C:\Windows\system32\profapi.dll
0x000007fefd1c0000 - 0x000007fefd1cf000 	C:\Windows\system32\CRYPTBASE.dll
0x000007fefb080000 - 0x000007fefb095000 	C:\Windows\system32\NLAapi.dll
0x000007fef7170000 - 0x000007fef7185000 	C:\Windows\system32\napinsp.dll
0x000007fef7150000 - 0x000007fef7169000 	C:\Windows\system32\pnrpnsp.dll
0x000007fefc8a0000 - 0x000007fefc8fb000 	C:\Windows\system32\DNSAPI.dll
0x000007fef7140000 - 0x000007fef714b000 	C:\Windows\System32\winrnr.dll
0x0000000073ce0000 - 0x0000000073d06000 	C:\Program Files\Bonjour\mdnsNSP.dll
0x000007fef9a90000 - 0x000007fef9ab7000 	C:\Windows\system32\Iphlpapi.DLL
0x000007fef9a70000 - 0x000007fef9a7b000 	C:\Windows\system32\WINNSI.DLL
0x000007fefc420000 - 0x000007fefc427000 	C:\Windows\System32\wshtcpip.dll
0x000007fef7070000 - 0x000007fef7078000 	C:\Windows\system32\rasadhlp.dll
0x000007fef9890000 - 0x000007fef98e3000 	C:\Windows\System32\fwpuclnt.dll
0x000007fefabb0000 - 0x000007fefabba000 	C:\Users\admin\AppData\Local\Temp\jansi-64-1-498654081987960805.11
0x000007fefd080000 - 0x000007fefd0d7000 	C:\Windows\system32\apphelp.dll
0x000000006d600000 - 0x000000006d60a000 	C:\Program Files\Java\jdk1.6.0_45\jre\bin\management.dll
0x0000000077630000 - 0x0000000077637000 	C:\Windows\system32\PSAPI.DLL

VM Arguments:
jvm_args: -Xss1024K -Xmx512M -XX:PermSize=128M -XX:+CMSClassUnloadingEnabled -Dsbt.boot.properties=file:/C:/Users/admin/AppData/Local/Temp/sbtrc245163714785982947properties -Dsbtrc.control-port=53248 
java_command: C:\home\common\activator-1.2.3-minimal\activator-launch-1.2.3.jar apply -cp """C:/Users/admin/.sbt/boot/scala-2.10.2/com.typesafe.sbtrc/sbt-rc-probe-0-13/1.0-c50ddab5e1332398049a2a649261e1ca24577479/sbt-rc-probe-0-13-1.0-c50ddab5e1332398049a2a649261e1ca24577479.jar;C:/Users/admin/.sbt/boot/scala-2.10.2/com.typesafe.sbtrc/sbt-rc-probe-0-13/1.0-c50ddab5e1332398049a2a649261e1ca24577479/sbt-rc-props-1.0-c50ddab5e1332398049a2a649261e1ca24577479.jar""" com.typesafe.sbtrc.SetupSbtChild listen
Launcher Type: SUN_STANDARD

Environment Variables:
JAVA_HOME=C:\Program Files\Java\jdk1.6.0_45
PATH=C:\Users\admin\AppData\Local\GitHub\PortableGit_6d98349f44ba975cf6c762a720f8259a267ea445\cmd;C:\Users\admin\AppData\Local\GitHub\PortableGit_6d98349f44ba975cf6c762a720f8259a267ea445\bin;C:\Users\admin\AppData\Local\Apps\2.0\VHTGD37Q.KXQ\423Q69Q9.8YC\gith..tion_317444273a93ac29_0002.0003_4484881b87d594d4;C:\Windows\Microsoft.NET\Framework\v4.0.30319;C:\Windows\system32;C:\Windows;C:\Windows\System32\Wbem;C:\Windows\System32\WindowsPowerShell\v1.0\;C:\Program Files\Java\jdk1.6.0_45\bin;C:\home\common\apache-maven-2.2.1\bin;C:\Program Files (x86)\MySQL\MySQL Utilities 1.3.5\;C:\Program Files\EmEditor;C:\home\common\activator-1.2.3-minimal;C:\Program Files (x86)\Heroku\bin;C:\Program Files (x86)\git\cmd;C:\home\Takahiro-Kadowaki\activator-1.2.10-minimal
USERNAME=develop35
OS=Windows_NT
PROCESSOR_IDENTIFIER=Intel64 Family 6 Model 42 Stepping 7, GenuineIntel



---------------  S Y S T E M  ---------------

OS: Windows 7 , 64 bit Build 7601 Service Pack 1

CPU:total 8 (4 cores per cpu, 2 threads per core) family 6 model 42 stepping 7, cmov, cx8, fxsr, mmx, sse, sse2, sse3, ssse3, sse4.1, sse4.2, popcnt, ht

Memory: 4k page, physical 4176328k(84792k free), swap 8350792k(3103688k free)

vm_info: Java HotSpot(TM) 64-Bit Server VM (20.45-b01) for windows-amd64 JRE (1.6.0_45-b06), built on Apr  1 2013 12:31:37 by "java_re" with MS VC++ 8.0 (VS2005)

time: Fri Sep 19 14:16:29 2014
elapsed time: 70 seconds

